{"/Volumes/Files/longpoll/metrics/diskMetrics.js":{"path":"/Volumes/Files/longpoll/metrics/diskMetrics.js","s":{"1":1,"2":1,"3":1,"4":1,"5":1,"6":1,"7":1,"8":1,"9":1,"10":0,"11":0,"12":1,"13":1,"14":1,"15":1,"16":25,"17":25,"18":13,"19":12,"20":1,"21":1,"22":12,"23":1,"24":1,"25":1,"26":1,"27":0,"28":0,"29":0,"30":0,"31":1},"b":{"1":[0,1],"2":[13,12],"3":[1,11]},"f":{"1":1,"2":1,"3":1,"4":0,"5":0,"6":0},"fnMap":{"1":{"name":"(anonymous_1)","line":2,"loc":{"start":{"line":2,"column":1},"end":{"line":2,"column":17}}},"2":{"name":"DiskMetricsCollector","line":7,"loc":{"start":{"line":7,"column":4},"end":{"line":7,"column":40}}},"3":{"name":"(anonymous_3)","line":18,"loc":{"start":{"line":18,"column":53},"end":{"line":18,"column":75}}},"4":{"name":"(anonymous_4)","line":45,"loc":{"start":{"line":45,"column":57},"end":{"line":45,"column":69}}},"5":{"name":"(anonymous_5)","line":47,"loc":{"start":{"line":47,"column":45},"end":{"line":47,"column":62}}},"6":{"name":"(anonymous_6)","line":48,"loc":{"start":{"line":48,"column":42},"end":{"line":48,"column":58}}}},"statementMap":{"1":{"start":{"line":2,"column":0},"end":{"line":56,"column":11}},"2":{"start":{"line":5,"column":4},"end":{"line":5,"column":65}},"3":{"start":{"line":7,"column":4},"end":{"line":9,"column":5}},"4":{"start":{"line":8,"column":8},"end":{"line":8,"column":48}},"5":{"start":{"line":11,"column":4},"end":{"line":14,"column":33}},"6":{"start":{"line":16,"column":4},"end":{"line":16,"column":147}},"7":{"start":{"line":18,"column":4},"end":{"line":43,"column":6}},"8":{"start":{"line":19,"column":8},"end":{"line":19,"column":54}},"9":{"start":{"line":20,"column":8},"end":{"line":23,"column":9}},"10":{"start":{"line":21,"column":12},"end":{"line":21,"column":65}},"11":{"start":{"line":22,"column":12},"end":{"line":22,"column":22}},"12":{"start":{"line":25,"column":8},"end":{"line":26,"column":25}},"13":{"start":{"line":28,"column":8},"end":{"line":40,"column":11}},"14":{"start":{"line":29,"column":12},"end":{"line":29,"column":33}},"15":{"start":{"line":30,"column":12},"end":{"line":34,"column":15}},"16":{"start":{"line":30,"column":44},"end":{"line":30,"column":55}},"17":{"start":{"line":31,"column":16},"end":{"line":32,"column":27}},"18":{"start":{"line":32,"column":20},"end":{"line":32,"column":27}},"19":{"start":{"line":33,"column":16},"end":{"line":33,"column":42}},"20":{"start":{"line":35,"column":12},"end":{"line":35,"column":28}},"21":{"start":{"line":36,"column":12},"end":{"line":38,"column":13}},"22":{"start":{"line":37,"column":16},"end":{"line":37,"column":95}},"23":{"start":{"line":39,"column":12},"end":{"line":39,"column":33}},"24":{"start":{"line":42,"column":8},"end":{"line":42,"column":23}},"25":{"start":{"line":45,"column":4},"end":{"line":45,"column":73}},"26":{"start":{"line":47,"column":4},"end":{"line":53,"column":6}},"27":{"start":{"line":48,"column":8},"end":{"line":52,"column":23}},"28":{"start":{"line":49,"column":12},"end":{"line":49,"column":61}},"29":{"start":{"line":50,"column":12},"end":{"line":50,"column":37}},"30":{"start":{"line":51,"column":12},"end":{"line":51,"column":40}},"31":{"start":{"line":55,"column":4},"end":{"line":55,"column":42}}},"branchMap":{"1":{"line":20,"type":"if","locations":[{"start":{"line":20,"column":8},"end":{"line":20,"column":8}},{"start":{"line":20,"column":8},"end":{"line":20,"column":8}}]},"2":{"line":31,"type":"if","locations":[{"start":{"line":31,"column":16},"end":{"line":31,"column":16}},{"start":{"line":31,"column":16},"end":{"line":31,"column":16}}]},"3":{"line":37,"type":"cond-expr","locations":[{"start":{"line":37,"column":73},"end":{"line":37,"column":77}},{"start":{"line":37,"column":80},"end":{"line":37,"column":94}}]}}},"/Volumes/Files/longpoll/transport/sshTransport.js":{"path":"/Volumes/Files/longpoll/transport/sshTransport.js","s":{"1":1,"2":1,"3":1,"4":1,"5":1,"6":1,"7":1,"8":1,"9":0,"10":0,"11":0,"12":0,"13":1,"14":0,"15":0,"16":0,"17":0,"18":1,"19":0,"20":0,"21":1,"22":0,"23":0,"24":0,"25":0,"26":1,"27":0,"28":0,"29":0,"30":1,"31":0,"32":0,"33":1,"34":1},"b":{"1":[0,0],"2":[0,0],"3":[0,0],"4":[0,0],"5":[0,0]},"f":{"1":1,"2":1,"3":0,"4":0,"5":0,"6":0,"7":0,"8":0,"9":0,"10":0,"11":0},"fnMap":{"1":{"name":"(anonymous_1)","line":1,"loc":{"start":{"line":1,"column":1},"end":{"line":1,"column":18}}},"2":{"name":"SshTransport","line":8,"loc":{"start":{"line":8,"column":4},"end":{"line":8,"column":34}}},"3":{"name":"(anonymous_3)","line":16,"loc":{"start":{"line":16,"column":34},"end":{"line":16,"column":51}}},"4":{"name":"(anonymous_4)","line":17,"loc":{"start":{"line":17,"column":28},"end":{"line":17,"column":53}}},"5":{"name":"(anonymous_5)","line":26,"loc":{"start":{"line":26,"column":37},"end":{"line":26,"column":54}}},"6":{"name":"(anonymous_6)","line":27,"loc":{"start":{"line":27,"column":28},"end":{"line":27,"column":54}}},"7":{"name":"(anonymous_7)","line":36,"loc":{"start":{"line":36,"column":37},"end":{"line":36,"column":57}}},"8":{"name":"(anonymous_8)","line":46,"loc":{"start":{"line":46,"column":44},"end":{"line":46,"column":78}}},"9":{"name":"(anonymous_9)","line":47,"loc":{"start":{"line":47,"column":57},"end":{"line":47,"column":73}}},"10":{"name":"(anonymous_10)","line":56,"loc":{"start":{"line":56,"column":41},"end":{"line":56,"column":61}}},"11":{"name":"(anonymous_11)","line":63,"loc":{"start":{"line":63,"column":40},"end":{"line":63,"column":51}}}},"statementMap":{"1":{"start":{"line":1,"column":0},"end":{"line":70,"column":11}},"2":{"start":{"line":4,"column":4},"end":{"line":6,"column":48}},"3":{"start":{"line":8,"column":4},"end":{"line":12,"column":5}},"4":{"start":{"line":9,"column":8},"end":{"line":9,"column":37}},"5":{"start":{"line":10,"column":8},"end":{"line":10,"column":31}},"6":{"start":{"line":11,"column":8},"end":{"line":11,"column":39}},"7":{"start":{"line":14,"column":4},"end":{"line":14,"column":64}},"8":{"start":{"line":16,"column":4},"end":{"line":24,"column":6}},"9":{"start":{"line":17,"column":8},"end":{"line":23,"column":23}},"10":{"start":{"line":18,"column":12},"end":{"line":22,"column":13}},"11":{"start":{"line":19,"column":16},"end":{"line":19,"column":86}},"12":{"start":{"line":21,"column":16},"end":{"line":21,"column":61}},"13":{"start":{"line":26,"column":4},"end":{"line":34,"column":6}},"14":{"start":{"line":27,"column":8},"end":{"line":33,"column":23}},"15":{"start":{"line":28,"column":12},"end":{"line":32,"column":13}},"16":{"start":{"line":29,"column":16},"end":{"line":29,"column":86}},"17":{"start":{"line":31,"column":16},"end":{"line":31,"column":61}},"18":{"start":{"line":36,"column":4},"end":{"line":44,"column":6}},"19":{"start":{"line":37,"column":8},"end":{"line":37,"column":47}},"20":{"start":{"line":38,"column":8},"end":{"line":43,"column":56}},"21":{"start":{"line":46,"column":4},"end":{"line":54,"column":6}},"22":{"start":{"line":47,"column":8},"end":{"line":53,"column":23}},"23":{"start":{"line":48,"column":12},"end":{"line":52,"column":13}},"24":{"start":{"line":49,"column":16},"end":{"line":49,"column":38}},"25":{"start":{"line":51,"column":16},"end":{"line":51,"column":39}},"26":{"start":{"line":56,"column":4},"end":{"line":61,"column":6}},"27":{"start":{"line":57,"column":8},"end":{"line":57,"column":30}},"28":{"start":{"line":58,"column":8},"end":{"line":60,"column":9}},"29":{"start":{"line":59,"column":12},"end":{"line":59,"column":24}},"30":{"start":{"line":63,"column":4},"end":{"line":66,"column":6}},"31":{"start":{"line":64,"column":8},"end":{"line":64,"column":40}},"32":{"start":{"line":65,"column":8},"end":{"line":65,"column":31}},"33":{"start":{"line":68,"column":4},"end":{"line":68,"column":61}},"34":{"start":{"line":69,"column":4},"end":{"line":69,"column":34}}},"branchMap":{"1":{"line":18,"type":"if","locations":[{"start":{"line":18,"column":12},"end":{"line":18,"column":12}},{"start":{"line":18,"column":12},"end":{"line":18,"column":12}}]},"2":{"line":28,"type":"if","locations":[{"start":{"line":28,"column":12},"end":{"line":28,"column":12}},{"start":{"line":28,"column":12},"end":{"line":28,"column":12}}]},"3":{"line":40,"type":"binary-expr","locations":[{"start":{"line":40,"column":18},"end":{"line":40,"column":34}},{"start":{"line":40,"column":38},"end":{"line":40,"column":40}}]},"4":{"line":48,"type":"if","locations":[{"start":{"line":48,"column":12},"end":{"line":48,"column":12}},{"start":{"line":48,"column":12},"end":{"line":48,"column":12}}]},"5":{"line":58,"type":"if","locations":[{"start":{"line":58,"column":8},"end":{"line":58,"column":8}},{"start":{"line":58,"column":8},"end":{"line":58,"column":8}}]}}},"/Volumes/Files/longpoll/transport/transport.js":{"path":"/Volumes/Files/longpoll/transport/transport.js","s":{"1":1,"2":1,"3":1,"4":1,"5":1,"6":1,"7":1},"b":{},"f":{"1":1,"2":1,"3":0,"4":0},"fnMap":{"1":{"name":"(anonymous_1)","line":1,"loc":{"start":{"line":1,"column":1},"end":{"line":1,"column":17}}},"2":{"name":"Transport","line":3,"loc":{"start":{"line":3,"column":4},"end":{"line":3,"column":31}}},"3":{"name":"(anonymous_3)","line":9,"loc":{"start":{"line":9,"column":31},"end":{"line":9,"column":48}}},"4":{"name":"(anonymous_4)","line":13,"loc":{"start":{"line":13,"column":37},"end":{"line":13,"column":48}}}},"statementMap":{"1":{"start":{"line":1,"column":0},"end":{"line":17,"column":11}},"2":{"start":{"line":3,"column":4},"end":{"line":6,"column":5}},"3":{"start":{"line":4,"column":8},"end":{"line":4,"column":29}},"4":{"start":{"line":5,"column":8},"end":{"line":5,"column":22}},"5":{"start":{"line":9,"column":4},"end":{"line":11,"column":6}},"6":{"start":{"line":13,"column":4},"end":{"line":15,"column":6}},"7":{"start":{"line":16,"column":4},"end":{"line":16,"column":31}}},"branchMap":{}},"/Volumes/Files/longpoll/transport/transportRegistry.js":{"path":"/Volumes/Files/longpoll/transport/transportRegistry.js","s":{"1":1,"2":1,"3":1,"4":0,"5":1},"b":{},"f":{"1":1,"2":1,"3":0},"fnMap":{"1":{"name":"(anonymous_1)","line":1,"loc":{"start":{"line":1,"column":1},"end":{"line":1,"column":17}}},"2":{"name":"(anonymous_2)","line":7,"loc":{"start":{"line":7,"column":28},"end":{"line":7,"column":67}}},"3":{"name":"(anonymous_3)","line":11,"loc":{"start":{"line":11,"column":28},"end":{"line":11,"column":52}}}},"statementMap":{"1":{"start":{"line":1,"column":0},"end":{"line":17,"column":11}},"2":{"start":{"line":4,"column":4},"end":{"line":14,"column":6}},"3":{"start":{"line":8,"column":12},"end":{"line":8,"column":59}},"4":{"start":{"line":12,"column":12},"end":{"line":12,"column":50}},"5":{"start":{"line":16,"column":4},"end":{"line":16,"column":39}}},"branchMap":{}}}