TN:
SF:/Volumes/Files/longpoll/metrics/diskMetrics.js
FN:2,(anonymous_1)
FN:7,DiskMetricsCollector
FN:18,(anonymous_3)
FN:45,(anonymous_4)
FN:47,(anonymous_5)
FN:48,(anonymous_6)
FNF:6
FNH:3
FNDA:1,(anonymous_1)
FNDA:1,DiskMetricsCollector
FNDA:1,(anonymous_3)
FNDA:0,(anonymous_4)
FNDA:0,(anonymous_5)
FNDA:0,(anonymous_6)
DA:2,1
DA:5,1
DA:7,1
DA:8,1
DA:11,1
DA:16,1
DA:18,1
DA:19,1
DA:20,1
DA:21,0
DA:22,0
DA:25,1
DA:28,1
DA:29,1
DA:30,25
DA:31,25
DA:32,13
DA:33,12
DA:35,1
DA:36,1
DA:37,12
DA:39,1
DA:42,1
DA:45,1
DA:47,1
DA:48,0
DA:49,0
DA:50,0
DA:51,0
DA:55,1
LF:30
LH:24
BRDA:20,1,0,0
BRDA:20,1,1,1
BRDA:31,2,0,13
BRDA:31,2,1,12
BRDA:37,3,0,1
BRDA:37,3,1,11
BRF:6
BRH:5
end_of_record
TN:
SF:/Volumes/Files/longpoll/transport/sshTransport.js
FN:1,(anonymous_1)
FN:8,SshTransport
FN:16,(anonymous_3)
FN:17,(anonymous_4)
FN:26,(anonymous_5)
FN:27,(anonymous_6)
FN:36,(anonymous_7)
FN:46,(anonymous_8)
FN:47,(anonymous_9)
FN:56,(anonymous_10)
FN:63,(anonymous_11)
FNF:11
FNH:2
FNDA:1,(anonymous_1)
FNDA:1,SshTransport
FNDA:0,(anonymous_3)
FNDA:0,(anonymous_4)
FNDA:0,(anonymous_5)
FNDA:0,(anonymous_6)
FNDA:0,(anonymous_7)
FNDA:0,(anonymous_8)
FNDA:0,(anonymous_9)
FNDA:0,(anonymous_10)
FNDA:0,(anonymous_11)
DA:1,1
DA:4,1
DA:8,1
DA:9,1
DA:10,1
DA:11,1
DA:14,1
DA:16,1
DA:17,0
DA:18,0
DA:19,0
DA:21,0
DA:26,1
DA:27,0
DA:28,0
DA:29,0
DA:31,0
DA:36,1
DA:37,0
DA:38,0
DA:46,1
DA:47,0
DA:48,0
DA:49,0
DA:51,0
DA:56,1
DA:57,0
DA:58,0
DA:59,0
DA:63,1
DA:64,0
DA:65,0
DA:68,1
DA:69,1
LF:34
LH:15
BRDA:18,1,0,0
BRDA:18,1,1,0
BRDA:28,2,0,0
BRDA:28,2,1,0
BRDA:40,3,0,0
BRDA:40,3,1,0
BRDA:48,4,0,0
BRDA:48,4,1,0
BRDA:58,5,0,0
BRDA:58,5,1,0
BRF:10
BRH:0
end_of_record
TN:
SF:/Volumes/Files/longpoll/transport/transport.js
FN:1,(anonymous_1)
FN:3,Transport
FN:9,(anonymous_3)
FN:13,(anonymous_4)
FNF:4
FNH:2
FNDA:1,(anonymous_1)
FNDA:1,Transport
FNDA:0,(anonymous_3)
FNDA:0,(anonymous_4)
DA:1,1
DA:3,1
DA:4,1
DA:5,1
DA:9,1
DA:13,1
DA:16,1
LF:7
LH:7
BRF:0
BRH:0
end_of_record
TN:
SF:/Volumes/Files/longpoll/transport/transportRegistry.js
FN:1,(anonymous_1)
FN:7,(anonymous_2)
FN:11,(anonymous_3)
FNF:3
FNH:2
FNDA:1,(anonymous_1)
FNDA:1,(anonymous_2)
FNDA:0,(anonymous_3)
DA:1,1
DA:4,1
DA:8,1
DA:12,0
DA:16,1
LF:5
LH:4
BRF:0
BRH:0
end_of_record
